<?xml version="1.0" encoding="UTF-8"?>
<!-- Generated by org.testng.reporters.JUnitReportReporter -->
<testsuite hostname="Rads-Laptop" failures="0" tests="2" name="env.RunCukeTest" time="83.111" errors="0" timestamp="2023-09-14T14:03:21 CDT" skipped="0">
  <testcase classname="env.RunCukeTest" name="runScenario" time="50.741"/>
  <system-out/>
  <testcase classname="env.RunCukeTest" name="runScenario" time="32.370"/>
  <system-out/>
</testsuite> <!-- env.RunCukeTest -->
